<?xml version="1.0" encoding="UTF-8"?>
<testsuite name="tomist.core.singletone.SingletonTest" tests="1" skipped="0" failures="0" errors="0" timestamp="2024-02-12T18:40:10" hostname="Dongikui-MacBookAir.local" time="0.204">
  <properties/>
  <testcase name="스프링 컨테이너와 싱글톤" classname="tomist.core.singletone.SingletonTest" time="0.204"/>
  <system-out><![CDATA[memberService1 : tomist.core.member.MemberServiceImpl@56bc3fac
memberService2 : tomist.core.member.MemberServiceImpl@56bc3fac
]]></system-out>
  <system-err><![CDATA[]]></system-err>
</testsuite>
