<?xml version="1.0" encoding="UTF-8"?>
<testsuite name="tomist.core.singletone.SingletonTest" tests="1" skipped="0" failures="0" errors="0" timestamp="2024-02-12T15:08:34" hostname="Dongikui-MacBookAir.local" time="0.024">
  <properties/>
  <testcase name="싱글톤 패턴을 적용한 객체 사용" classname="tomist.core.singletone.SingletonTest" time="0.024"/>
  <system-out><![CDATA[]]></system-out>
  <system-err><![CDATA[]]></system-err>
</testsuite>
