<?xml version="1.0" encoding="UTF-8"?>
<testsuite name="tomist.core.member.MemberServiceTest" tests="1" skipped="0" failures="0" errors="0" timestamp="2024-02-07T13:54:44" hostname="Dongikui-MacBookAir.local" time="0.028">
  <properties/>
  <testcase name="join()" classname="tomist.core.member.MemberServiceTest" time="0.028"/>
  <system-out><![CDATA[]]></system-out>
  <system-err><![CDATA[]]></system-err>
</testsuite>
