<?xml version="1.0" encoding="UTF-8"?>
<testsuite name="tomist.core.singletone.SingletonTest" tests="1" skipped="0" failures="0" errors="0" timestamp="2024-02-12T14:29:29" hostname="Dongikui-MacBookAir.local" time="0.013">
  <properties/>
  <testcase name="스프링 없는 순수한 DI 컨테이너" classname="tomist.core.singletone.SingletonTest" time="0.013"/>
  <system-out><![CDATA[memberService1 = tomist.core.member.MemberServiceImpl@6dab9b6d
memberService1 = tomist.core.member.MemberServiceImpl@676cf48
]]></system-out>
  <system-err><![CDATA[]]></system-err>
</testsuite>
